<?xml version="1.0" encoding="UTF-8"?>
<testsuite name="travis_ci_tutorial_java.SimpleCalculatorTest" time="0.002" tests="4" errors="0" skipped="0" failures="0">
  <properties>
[...]
</properties>
  <testcase name="testAdd" classname="travis_ci_tutorial_java.SimpleCalculatorTest" time="0.002"/>
  <testcase name="testSubtract" classname="travis_ci_tutorial_java.SimpleCalculatorTest" time="0"/>
  <testcase name="testDivide" classname="travis_ci_tutorial_java.SimpleCalculatorTest" time="0"/>
  <testcase name="testMultiply" classname="travis_ci_tutorial_java.SimpleCalculatorTest" time="0"/>
</testsuite>